[main] INFO  log.MLog  - MLog clients using log4j logging.
16:55:56.733 [main] DEBUG facepalm.core - {:cfg-dir /etc/iplant/de, :mode init, :debug false, :port 5432, :filename database.tar.gz, :host localhost, :qa-drop-base http://katic.iplantcollaborative.org/qa-drops, :database de, :help false, :admin-user de, :jenkins-artifact-path /lastSuccessfulBuild/artifact/builds/, :user de, :jenkins-base http://watson.iplantcollaborative.org/hudson}
Retrieving the build artifact...
Unpacking the build artifact...
16:55:56.810 [main] DEBUG facepalm.core - Executing command: tar xvf /home/mconway/Documents/DiscoveryEnvironmentBackend/tools/facepalm/-fp-1446065756786-0/database.tar.gz -C /home/mconway/Documents/DiscoveryEnvironmentBackend/tools/facepalm/-fp-1446065756786-0
./
./functions/
./functions/02_app_count.sql
./functions/03_app_category_hierarchy.sql
./functions/01_app_category_hierarchy_ids.sql
./functions/05_last.sql
./functions/04_first.sql
./extensions/
./extensions/uuid.sql
./constraints/
./constraints/03_tools.sql
./constraints/10_app_documentation.sql
./constraints/73_container_volumes.sql
./constraints/70_container_images.sql
./constraints/72_container_devices.sql
./constraints/75_data_containers.sql
./constraints/74_container_volumes_from.sql
./constraints/71_container_settings.sql
./tables/
./tables/45_version.sql
./tables/44_value_type.sql
./tables/99_constraints.sql
./tables/05_apps.sql
./tables/11_app_category_app.sql
./tables/03_tools.sql
./tables/56_job_types.sql
./tables/10_app_documentation.sql
./tables/27_parameter_types.sql
./tables/66_user_saved_searches.sql
./tables/69_job_steps.sql
./tables/40_app_references.sql
./tables/73_container_volumes.sql
./tables/55_logins.sql
./tables/24_parameters.sql
./tables/04_tasks.sql
./tables/65_tree_urls.sql
./tables/10_ratings.sql
./tables/18_input_output_mapping.sql
./tables/47_collaborators.sql
./tables/33_rule_type_value_type.sql
./tables/29_validation_rules.sql
./tables/13_workflow_io_maps.sql
./tables/46_genome_ref.sql
./tables/12_data_formats.sql
./tables/01_app_categories.sql
./tables/07_app_steps.sql
./tables/35_app_category_group.sql
./tables/67_access_tokens.sql
./tables/31_rule_subtype.sql
./tables/25_parameter_values.sql
./tables/17_info_type.sql
./tables/70_container_images.sql
./tables/25_parameter_groups.sql
./tables/30_validation_rule_arguments.sql
./tables/63_user_preferences.sql
./tables/51_tool_request_status_codes.sql
./tables/15_tool_test_data_files.sql
./tables/53_tool_requests.sql
./tables/72_container_devices.sql
./tables/14_file_parameters.sql
./tables/34_suggested_groups.sql
./tables/75_data_containers.sql
./tables/28_users.sql
./tables/49_tool_types.sql
./tables/02_workspace.sql
./tables/68_authorization_requests.sql
./tables/50_tool_type_parameter_type.sql
./tables/74_container_volumes_from.sql
./tables/48_data_source.sql
./tables/09_integration_data.sql
./tables/71_container_settings.sql
./tables/32_rule_type.sql
./tables/64_user_sessions.sql
./tables/54_tool_request_statuses.sql
./tables/57_jobs.sql
./tables/52_tool_architectures.sql
./conversions/
./conversions/v2.2.0/
./conversions/v2.2.0/c220_2015100501.clj
./conversions/v2.1.0/
./conversions/v2.1.0/c210_2015082501.clj
./conversions/v2.1.0/c210_2015090101.clj
./conversions/v2.1.0/c210_2015082503.clj
./conversions/v2.1.0/c210_2015081201.clj
./conversions/v2.1.0/c210_2015082502.clj
./conversions/v1.8.2/
./conversions/v1.8.2/c182_2013092401.clj
./conversions/v1.8.2/c182_2013090301.clj
./conversions/v1.8.2/c182_2013090401.clj
./conversions/v1.8.9/
./conversions/v1.8.9/c189_2014062702.clj
./conversions/v1.8.9/c189_2014061901.clj
./conversions/v1.8.9/c189_2014071101.clj
./conversions/v1.8.9/c189_2014071801.clj
./conversions/v1.8.9/c189_2014062701.clj
./conversions/v1.8.9/c189_2014071501.clj
./conversions/v1.8.9/c189_2014072401.clj
./conversions/v1.8.9/c189_2014071401.clj
./conversions/v1.6.0/
./conversions/v1.6.0/c160_2012121301.clj
./conversions/v1.6.0/c160_2012120401.clj
./conversions/v1.6.0/c160_2012110501.clj
./conversions/v1.9.9/
./conversions/v1.9.9/c199_2015053005.clj
./conversions/v1.9.9/c199_2015053004.clj
./conversions/v1.9.9/c199_2015053002.clj
./conversions/v1.9.9/c199_2015053001.clj
./conversions/v1.9.9/c199_2015053003.clj
./conversions/v1.8.4/
./conversions/v1.8.4/c184_2014011501.clj
./conversions/v1.8.4/c184_2013101401.clj
./conversions/v1.8.4/c184_2014030401.clj
./conversions/v1.8.4/c184_2014010601.clj
./conversions/v1.8.4/c184_2014010701.clj
./conversions/v1.8.4/c184_2013121701.clj
./conversions/v1.8.4/c184_2013111401.clj
./conversions/v1.8.4/c184_2014011401.clj
./conversions/v1.8.6/
./conversions/v1.8.6/c186_2014040401.clj
./conversions/v1.8.6/c186_2014022701.clj
./conversions/v1.9.3/
./conversions/v1.9.3/c193_2014052701.clj
./conversions/v1.9.3/c193_2014042401/
./conversions/v1.9.3/c193_2014042401/drop_constraints.sql
./conversions/v1.9.3/c193_2014042401/drop_views.sql
./conversions/v1.9.3/c193_2014042401/uuids/
./conversions/v1.9.3/c193_2014042401/uuids/44_value_type.sql
./conversions/v1.9.3/c193_2014042401/uuids/05_apps.sql
./conversions/v1.9.3/c193_2014042401/uuids/03_tools.sql
./conversions/v1.9.3/c193_2014042401/uuids/56_job_types.sql
./conversions/v1.9.3/c193_2014042401/uuids/27_parameter_types.sql
./conversions/v1.9.3/c193_2014042401/uuids/24_parameters.sql
./conversions/v1.9.3/c193_2014042401/uuids/04_tasks.sql
./conversions/v1.9.3/c193_2014042401/uuids/29_validation_rules.sql
./conversions/v1.9.3/c193_2014042401/uuids/13_workflow_io_maps.sql
./conversions/v1.9.3/c193_2014042401/uuids/12_data_formats.sql
./conversions/v1.9.3/c193_2014042401/uuids/01_app_categories.sql
./conversions/v1.9.3/c193_2014042401/uuids/07_app_steps.sql
./conversions/v1.9.3/c193_2014042401/uuids/31_rule_subtype.sql
./conversions/v1.9.3/c193_2014042401/uuids/17_info_type.sql
./conversions/v1.9.3/c193_2014042401/uuids/25_parameter_groups.sql
./conversions/v1.9.3/c193_2014042401/uuids/53_tool_requests.sql
./conversions/v1.9.3/c193_2014042401/uuids/28_users.sql
./conversions/v1.9.3/c193_2014042401/uuids/49_tool_types.sql
./conversions/v1.9.3/c193_2014042401/uuids/02_workspace.sql
./conversions/v1.9.3/c193_2014042401/uuids/48_data_source.sql
./conversions/v1.9.3/c193_2014042401/uuids/09_integration_data.sql
./conversions/v1.9.3/c193_2014042401/uuids/32_rule_type.sql
./conversions/v1.9.3/c193_2014042401/uuids/57_jobs.sql
./conversions/v1.9.3/c193_2014042401/uuids/52_tool_architectures.sql
./conversions/v1.9.3/c193_2014042401/tables/
./conversions/v1.9.3/c193_2014042401/tables/45_version.sql
./conversions/v1.9.3/c193_2014042401/tables/44_value_type.sql
./conversions/v1.9.3/c193_2014042401/tables/05_apps.sql
./conversions/v1.9.3/c193_2014042401/tables/11_app_category_app.sql
./conversions/v1.9.3/c193_2014042401/tables/03_tools.sql
./conversions/v1.9.3/c193_2014042401/tables/56_job_types.sql
./conversions/v1.9.3/c193_2014042401/tables/rename_obsolete_tables.sql
./conversions/v1.9.3/c193_2014042401/tables/27_parameter_types.sql
./conversions/v1.9.3/c193_2014042401/tables/66_user_saved_searches.sql
./conversions/v1.9.3/c193_2014042401/tables/69_job_steps.sql
./conversions/v1.9.3/c193_2014042401/tables/40_app_references.sql
./conversions/v1.9.3/c193_2014042401/tables/55_logins.sql
./conversions/v1.9.3/c193_2014042401/tables/24_parameters.sql
./conversions/v1.9.3/c193_2014042401/tables/04_tasks.sql
./conversions/v1.9.3/c193_2014042401/tables/65_tree_urls.sql
./conversions/v1.9.3/c193_2014042401/tables/10_ratings.sql
./conversions/v1.9.3/c193_2014042401/tables/18_input_output_mapping.sql
./conversions/v1.9.3/c193_2014042401/tables/47_collaborators.sql
./conversions/v1.9.3/c193_2014042401/tables/33_rule_type_value_type.sql
./conversions/v1.9.3/c193_2014042401/tables/29_validation_rules.sql
./conversions/v1.9.3/c193_2014042401/tables/13_workflow_io_maps.sql
./conversions/v1.9.3/c193_2014042401/tables/12_data_formats.sql
./conversions/v1.9.3/c193_2014042401/tables/01_app_categories.sql
./conversions/v1.9.3/c193_2014042401/tables/07_app_steps.sql
./conversions/v1.9.3/c193_2014042401/tables/35_app_category_group.sql
./conversions/v1.9.3/c193_2014042401/tables/67_access_tokens.sql
./conversions/v1.9.3/c193_2014042401/tables/46_genome_reference.sql
./conversions/v1.9.3/c193_2014042401/tables/31_rule_subtype.sql
./conversions/v1.9.3/c193_2014042401/tables/17_info_type.sql
./conversions/v1.9.3/c193_2014042401/tables/59_metadata_templates.sql
./conversions/v1.9.3/c193_2014042401/tables/25_parameter_groups.sql
./conversions/v1.9.3/c193_2014042401/tables/30_validation_rule_arguments.sql
./conversions/v1.9.3/c193_2014042401/tables/63_user_preferences.sql
./conversions/v1.9.3/c193_2014042401/tables/51_tool_request_status_codes.sql
./conversions/v1.9.3/c193_2014042401/tables/15_tool_test_data_files.sql
./conversions/v1.9.3/c193_2014042401/tables/53_tool_requests.sql
./conversions/v1.9.3/c193_2014042401/tables/14_file_parameters.sql
./conversions/v1.9.3/c193_2014042401/tables/58_metadata_value_types.sql
./conversions/v1.9.3/c193_2014042401/tables/34_suggested_groups.sql
./conversions/v1.9.3/c193_2014042401/tables/28_users.sql
./conversions/v1.9.3/c193_2014042401/tables/49_tool_types.sql
./conversions/v1.9.3/c193_2014042401/tables/02_workspace.sql
./conversions/v1.9.3/c193_2014042401/tables/68_authorization_requests.sql
./conversions/v1.9.3/c193_2014042401/tables/50_tool_type_parameter_type.sql
./conversions/v1.9.3/c193_2014042401/tables/48_data_source.sql
./conversions/v1.9.3/c193_2014042401/tables/09_integration_data.sql
./conversions/v1.9.3/c193_2014042401/tables/32_rule_type.sql
./conversions/v1.9.3/c193_2014042401/tables/60_metadata_attributes.sql
./conversions/v1.9.3/c193_2014042401/tables/64_user_sessions.sql
./conversions/v1.9.3/c193_2014042401/tables/54_tool_request_statuses.sql
./conversions/v1.9.3/c193_2014042401/tables/drop_empty_obsolete_tables.sql
./conversions/v1.9.3/c193_2014042401/tables/57_jobs.sql
./conversions/v1.9.3/c193_2014042401/tables/52_tool_architectures.sql
./conversions/v1.9.3/c193_2014042401/data/
./conversions/v1.9.3/c193_2014042401/data/01_parameter_types.sql
./conversions/v1.9.3/c193_2014042401/data/02_tool_types.sql
./conversions/v1.9.3/c193_2014121701.clj
./conversions/v1.9.3/c193_2015010601.clj
./conversions/v1.9.3/c193_2014042401.clj
./conversions/v1.9.5/
./conversions/v1.9.5/c195_2015021201.clj
./conversions/v1.9.5/c195_2015021601.clj
./conversions/v1.9.5/c195_2015020201.clj
./conversions/v1.9.5/c195_2015011301.clj
./conversions/v1.9.5/c195_2015011401.clj
./conversions/v1.4.0/
./conversions/v1.4.0/c140_2012052501.clj
./conversions/v1.4.0/c140_2012082201.clj
./conversions/v1.4.0/c140_2012061501.clj
./conversions/v1.4.0/c140_2012072601.clj
./conversions/v1.4.0/c140_2012061801.clj
./conversions/v1.4.0/c140_2012072001.clj
./conversions/v1.4.0/c140_2012071301.clj
./conversions/v1.4.0/c140_2012053001.clj
./conversions/v2.0.0/
./conversions/v2.0.0/c200_2015060201.clj
./conversions/v2.0.0/c200_2015052901.clj
./conversions/v2.0.0/c200_2015063001.clj
./conversions/v2.0.0/c200_2015072401.clj
./conversions/v1.9.7/
./conversions/v1.9.7/c197_2015042101.clj
./conversions/v1.9.7/c197_2015040201.clj
./conversions/v1.9.7/c197_2015040801.clj
./conversions/v1.4.4/
./conversions/v1.4.4/c144_2012092701.clj
./conversions/v1.8.0/
./conversions/v1.8.0/c180_2013041901.clj
./conversions/v1.8.0/c180_2013050201.clj
./conversions/v1.8.0/c180_2013022501.clj
./conversions/v1.8.0/c180_2013080701.clj
./conversions/v1.8.0/c180_2013071601.clj
./conversions/v1.8.0/c180_2013061301.clj
./conversions/v1.8.0/c180_2013030401.clj
./conversions/v1.8.0/c180_2013062601.clj
./conversions/v1.8.0/c180_2013070301.clj
./conversions/v1.8.0/c180_2013031301.clj
./conversions/v1.8.0/c180_2013062701.clj
./conversions/v1.8.0/c180_2013031401.clj
./conversions/v1.8.0/c180_2013030402.clj
./conversions/v1.8.8/
./conversions/v1.8.8/c188_2014052201.clj
./conversions/v1.8.8/c188_2014051501.clj
./conversions/v1.8.8/c188_2014061101.clj
./conversions/dependencies.clj
./conversions/v1.9.2/
./conversions/v1.9.2/c192_2014090901.clj
./conversions/v1.9.2/c192_2014112601.clj
./conversions/v1.8.7/
./conversions/v1.8.7/c187_2014042901.clj
./conversions/v1.8.7/c187_2014042001.clj
./conversions/v1.8.7/c187_2014042101.clj
./conversions/v1.8.7/c187_2014050901.clj
./conversions/v1.8.7/c187_2014042301.clj
./conversions/v1.9.6/
./conversions/v1.9.6/c196_2015031001.clj
./data/
./data/14_tool_types.sql
./data/01_data_formats.sql
./data/11_app_categories.sql
./data/04_value_type.sql
./data/15_tool_type_parameter_type.sql
./data/99_version.sql
./data/12_ref_genomes.sql
./data/17_tool_architectures.sql
./data/09_users.sql
./data/06_rule_type.sql
./data/05_rule_subtype.sql
./data/02_info_type.sql
./data/07_parameter_types.sql
./data/10_workspace.sql
./data/18_job_types.sql
./data/21_internal_apps.sql
./data/16_tool_request_status_codes.sql
./data/13_data_source.sql
./data/08_rule_type_value_type.sql
./views/
./views/04_tool_listing.sql
./views/02_app_job_types.sql
./views/03_app_listing.sql
./views/07_task_param_listing.sql
./views/06_job_listing.sql
./views/05_rating_listing.sql
./views/01_app_category_listing.sql
Loading conversions...
Done loading conversions.
Here are the loaded conversions: 
Refreshing the public schema...
Failure to execute query with SQL:
DROP SCHEMA public CASCADE  ::  nil
PSQLException:
 Message: ERROR: must be owner of schema public
 SQLState: 42501
 Error Code: 0
16:58:06.595 [main] ERROR facepalm.core - nil next exception
16:58:06.617 [main] ERROR facepalm.error-codes - Unexpected exception:
org.postgresql.util.PSQLException: ERROR: must be owner of schema public
	at org.postgresql.core.v3.QueryExecutorImpl.receiveErrorResponse(QueryExecutorImpl.java:2103) ~[facepalm-standalone.jar:na]
	at org.postgresql.core.v3.QueryExecutorImpl.processResults(QueryExecutorImpl.java:1836) ~[facepalm-standalone.jar:na]
	at org.postgresql.core.v3.QueryExecutorImpl.execute(QueryExecutorImpl.java:407) ~[facepalm-standalone.jar:na]
	at org.postgresql.jdbc2.AbstractJdbc2Statement.executeBatch(AbstractJdbc2Statement.java:2754) ~[facepalm-standalone.jar:na]
	at clojure.java.jdbc$execute_batch.invoke(jdbc.clj:400) ~[facepalm-standalone.jar:na]
	at clojure.java.jdbc$db_do_execute_prepared_statement$fn__1958.invoke(jdbc.clj:729) ~[facepalm-standalone.jar:na]
	at clojure.java.jdbc$db_transaction_STAR_.doInvoke(jdbc.clj:599) ~[facepalm-standalone.jar:na]
	at clojure.lang.RestFn.invoke(RestFn.java:425) [facepalm-standalone.jar:na]
	at clojure.java.jdbc$db_do_execute_prepared_statement.invoke(jdbc.clj:728) ~[facepalm-standalone.jar:na]
	at clojure.java.jdbc$db_do_prepared.doInvoke(jdbc.clj:749) ~[facepalm-standalone.jar:na]
	at clojure.lang.RestFn.applyTo(RestFn.java:142) [facepalm-standalone.jar:na]
	at clojure.core$apply.invoke(core.clj:630) ~[facepalm-standalone.jar:na]
	at clojure.java.jdbc$db_do_prepared.doInvoke(jdbc.clj:744) ~[facepalm-standalone.jar:na]
	at clojure.lang.RestFn.invoke(RestFn.java:442) [facepalm-standalone.jar:na]
	at korma.db$exec_sql.invoke(db.clj:258) ~[facepalm-standalone.jar:na]
	at korma.db$do_query.invoke(db.clj:272) ~[facepalm-standalone.jar:na]
	at korma.core$exec_raw.doInvoke(core.clj:507) ~[facepalm-standalone.jar:na]
	at clojure.lang.RestFn.invoke(RestFn.java:410) [facepalm-standalone.jar:na]
	at clojure.core$map$fn__4245.invoke(core.clj:2557) ~[facepalm-standalone.jar:na]
	at clojure.lang.LazySeq.sval(LazySeq.java:40) ~[facepalm-standalone.jar:na]
	at clojure.lang.LazySeq.seq(LazySeq.java:49) ~[facepalm-standalone.jar:na]
	at clojure.lang.RT.seq(RT.java:484) ~[facepalm-standalone.jar:na]
	at clojure.core$seq.invoke(core.clj:133) ~[facepalm-standalone.jar:na]
	at clojure.core$dorun.invoke(core.clj:2855) ~[facepalm-standalone.jar:na]
	at facepalm.core$refresh_public_schema.invoke(core.clj:289) ~[facepalm-standalone.jar:na]
	at facepalm.core$init_database$fn__6901.invoke(core.clj:305) ~[facepalm-standalone.jar:na]
	at clojure.java.jdbc$db_transaction_STAR_.doInvoke(jdbc.clj:580) ~[facepalm-standalone.jar:na]
	at clojure.lang.RestFn.invoke(RestFn.java:521) [facepalm-standalone.jar:na]
	at facepalm.core$init_database.invoke(core.clj:305) ~[facepalm-standalone.jar:na]
	at facepalm.core$initialize_database.invoke(core.clj:328) ~[facepalm-standalone.jar:na]
	at facepalm.core$do_init.invoke(core.clj:31) ~[facepalm-standalone.jar:na]
	at facepalm.core$exec_mode_fn.invoke(core.clj:398) ~[facepalm-standalone.jar:na]
	at facepalm.core$_main.doInvoke(core.clj:413) ~[facepalm-standalone.jar:na]
	at clojure.lang.RestFn.applyTo(RestFn.java:137) [facepalm-standalone.jar:na]
	at facepalm.core.main(Unknown Source) [facepalm-standalone.jar:na]
